[0.013s] Invoking command in '/home/oliver/ros2_ws/src/ia_robot/build/ia_robot': CMAKE_PREFIX_PATH=${CMAKE_PREFIX_PATH}:/opt/ros/humble /usr/bin/cmake --build /home/oliver/ros2_ws/src/ia_robot/build/ia_robot -- -j32 -l32
[0.060s] Invoked command in '/home/oliver/ros2_ws/src/ia_robot/build/ia_robot' returned '0': CMAKE_PREFIX_PATH=${CMAKE_PREFIX_PATH}:/opt/ros/humble /usr/bin/cmake --build /home/oliver/ros2_ws/src/ia_robot/build/ia_robot -- -j32 -l32
[0.068s] Invoking command in '/home/oliver/ros2_ws/src/ia_robot/build/ia_robot': CMAKE_PREFIX_PATH=${CMAKE_PREFIX_PATH}:/opt/ros/humble /usr/bin/cmake --install /home/oliver/ros2_ws/src/ia_robot/build/ia_robot
[0.076s] -- Install configuration: ""
[0.077s] -- Up-to-date: /home/oliver/ros2_ws/src/ia_robot/install/ia_robot/share/ia_robot/urdf
[0.077s] -- Up-to-date: /home/oliver/ros2_ws/src/ia_robot/install/ia_robot/share/ia_robot/urdf/two_part_robot.urdf
[0.078s] -- Installing: /home/oliver/ros2_ws/src/ia_robot/install/ia_robot/share/ia_robot/urdf/ia_robot.urdf
[0.078s] -- Up-to-date: /home/oliver/ros2_ws/src/ia_robot/install/ia_robot/share/ia_robot/urdf/base_only.urdf
[0.078s] -- Up-to-date: /home/oliver/ros2_ws/src/ia_robot/install/ia_robot/share/ia_robot/urdf/ia_robot.csv
[0.078s] -- Up-to-date: /home/oliver/ros2_ws/src/ia_robot/install/ia_robot/share/ia_robot/meshes
[0.078s] -- Up-to-date: /home/oliver/ros2_ws/src/ia_robot/install/ia_robot/share/ia_robot/meshes/RightEnd.STL
[0.079s] -- Up-to-date: /home/oliver/ros2_ws/src/ia_robot/install/ia_robot/share/ia_robot/meshes/leftbackorient.STL
[0.079s] -- Up-to-date: /home/oliver/ros2_ws/src/ia_robot/install/ia_robot/share/ia_robot/meshes/base_link.STL
[0.079s] -- Up-to-date: /home/oliver/ros2_ws/src/ia_robot/install/ia_robot/share/ia_robot/meshes/RightFrontWheelOrient2.STL
[0.079s] -- Up-to-date: /home/oliver/ros2_ws/src/ia_robot/install/ia_robot/share/ia_robot/meshes/LeftFrontwheel.STL
[0.079s] -- Up-to-date: /home/oliver/ros2_ws/src/ia_robot/install/ia_robot/share/ia_robot/meshes/LeftFrontWheelOrient2.STL
[0.079s] -- Up-to-date: /home/oliver/ros2_ws/src/ia_robot/install/ia_robot/share/ia_robot/meshes/RightARM1.STL
[0.079s] -- Up-to-date: /home/oliver/ros2_ws/src/ia_robot/install/ia_robot/share/ia_robot/meshes/RightFrontWheelOrient1.STL
[0.080s] -- Up-to-date: /home/oliver/ros2_ws/src/ia_robot/install/ia_robot/share/ia_robot/meshes/leftbackwheel.STL
[0.080s] -- Up-to-date: /home/oliver/ros2_ws/src/ia_robot/install/ia_robot/share/ia_robot/meshes/RihgtARM2.STL
[0.080s] -- Up-to-date: /home/oliver/ros2_ws/src/ia_robot/install/ia_robot/share/ia_robot/meshes/Rightbackorient.STL
[0.080s] -- Up-to-date: /home/oliver/ros2_ws/src/ia_robot/install/ia_robot/share/ia_robot/meshes/LeftARM02.STL
[0.081s] -- Up-to-date: /home/oliver/ros2_ws/src/ia_robot/install/ia_robot/share/ia_robot/meshes/LeftFrontWheelOrient1.STL
[0.081s] -- Up-to-date: /home/oliver/ros2_ws/src/ia_robot/install/ia_robot/share/ia_robot/meshes/RightARM3.STL
[0.081s] -- Up-to-date: /home/oliver/ros2_ws/src/ia_robot/install/ia_robot/share/ia_robot/meshes/LeftEnd.STL
[0.082s] -- Up-to-date: /home/oliver/ros2_ws/src/ia_robot/install/ia_robot/share/ia_robot/meshes/RightFrontWheelOrient01.STL
[0.082s] -- Up-to-date: /home/oliver/ros2_ws/src/ia_robot/install/ia_robot/share/ia_robot/meshes/LeftARM03.STL
[0.082s] -- Up-to-date: /home/oliver/ros2_ws/src/ia_robot/install/ia_robot/share/ia_robot/meshes/Rightbackwheel.STL
[0.083s] -- Up-to-date: /home/oliver/ros2_ws/src/ia_robot/install/ia_robot/share/ia_robot/meshes/LeftARM1.STL
[0.083s] -- Up-to-date: /home/oliver/ros2_ws/src/ia_robot/install/ia_robot/share/ia_robot/launch
[0.083s] -- Up-to-date: /home/oliver/ros2_ws/src/ia_robot/install/ia_robot/share/ia_robot/launch/view_robot.launch.py
[0.084s] -- Up-to-date: /home/oliver/ros2_ws/src/ia_robot/install/ia_robot/share/ia_robot/launch/view_ia_robot.launch.py
[0.084s] -- Up-to-date: /home/oliver/ros2_ws/src/ia_robot/install/ia_robot/share/ia_robot/launch/view_all_joints.launch.py
[0.084s] -- Up-to-date: /home/oliver/ros2_ws/src/ia_robot/install/ia_robot/share/ia_robot/config
[0.084s] -- Up-to-date: /home/oliver/ros2_ws/src/ia_robot/install/ia_robot/share/ia_robot/config/joint_names_ia-robot.yaml
[0.085s] -- Up-to-date: /home/oliver/ros2_ws/src/ia_robot/install/ia_robot/share/ia_robot/rviz
[0.085s] -- Up-to-date: /home/oliver/ros2_ws/src/ia_robot/install/ia_robot/share/ia_robot/rviz/view.rviz
[0.085s] -- Up-to-date: /home/oliver/ros2_ws/src/ia_robot/install/ia_robot/share/ament_index/resource_index/package_run_dependencies/ia_robot
[0.085s] -- Up-to-date: /home/oliver/ros2_ws/src/ia_robot/install/ia_robot/share/ament_index/resource_index/parent_prefix_path/ia_robot
[0.085s] -- Up-to-date: /home/oliver/ros2_ws/src/ia_robot/install/ia_robot/share/ia_robot/environment/ament_prefix_path.sh
[0.085s] -- Up-to-date: /home/oliver/ros2_ws/src/ia_robot/install/ia_robot/share/ia_robot/environment/ament_prefix_path.dsv
[0.085s] -- Up-to-date: /home/oliver/ros2_ws/src/ia_robot/install/ia_robot/share/ia_robot/environment/path.sh
[0.085s] -- Up-to-date: /home/oliver/ros2_ws/src/ia_robot/install/ia_robot/share/ia_robot/environment/path.dsv
[0.085s] -- Up-to-date: /home/oliver/ros2_ws/src/ia_robot/install/ia_robot/share/ia_robot/local_setup.bash
[0.085s] -- Up-to-date: /home/oliver/ros2_ws/src/ia_robot/install/ia_robot/share/ia_robot/local_setup.sh
[0.085s] -- Up-to-date: /home/oliver/ros2_ws/src/ia_robot/install/ia_robot/share/ia_robot/local_setup.zsh
[0.085s] -- Up-to-date: /home/oliver/ros2_ws/src/ia_robot/install/ia_robot/share/ia_robot/local_setup.dsv
[0.085s] -- Installing: /home/oliver/ros2_ws/src/ia_robot/install/ia_robot/share/ia_robot/package.dsv
[0.085s] -- Up-to-date: /home/oliver/ros2_ws/src/ia_robot/install/ia_robot/share/ament_index/resource_index/packages/ia_robot
[0.085s] -- Up-to-date: /home/oliver/ros2_ws/src/ia_robot/install/ia_robot/share/ia_robot/cmake/ia_robotConfig.cmake
[0.085s] -- Up-to-date: /home/oliver/ros2_ws/src/ia_robot/install/ia_robot/share/ia_robot/cmake/ia_robotConfig-version.cmake
[0.085s] -- Up-to-date: /home/oliver/ros2_ws/src/ia_robot/install/ia_robot/share/ia_robot/package.xml
[0.086s] Invoked command in '/home/oliver/ros2_ws/src/ia_robot/build/ia_robot' returned '0': CMAKE_PREFIX_PATH=${CMAKE_PREFIX_PATH}:/opt/ros/humble /usr/bin/cmake --install /home/oliver/ros2_ws/src/ia_robot/build/ia_robot
