-- Install configuration: ""
-- Up-to-date: /home/oliver/ros2_ws/src/ia_robot/install/ia_robot/share/ia_robot/urdf
-- Up-to-date: /home/oliver/ros2_ws/src/ia_robot/install/ia_robot/share/ia_robot/urdf/two_part_robot.urdf
-- Up-to-date: /home/oliver/ros2_ws/src/ia_robot/install/ia_robot/share/ia_robot/urdf/ia_robot.urdf
-- Up-to-date: /home/oliver/ros2_ws/src/ia_robot/install/ia_robot/share/ia_robot/urdf/base_only.urdf
-- Up-to-date: /home/oliver/ros2_ws/src/ia_robot/install/ia_robot/share/ia_robot/urdf/ia_robot.csv
-- Up-to-date: /home/oliver/ros2_ws/src/ia_robot/install/ia_robot/share/ia_robot/meshes
-- Up-to-date: /home/oliver/ros2_ws/src/ia_robot/install/ia_robot/share/ia_robot/meshes/RightEnd.STL
-- Up-to-date: /home/oliver/ros2_ws/src/ia_robot/install/ia_robot/share/ia_robot/meshes/leftbackorient.STL
-- Up-to-date: /home/oliver/ros2_ws/src/ia_robot/install/ia_robot/share/ia_robot/meshes/base_link.STL
-- Up-to-date: /home/oliver/ros2_ws/src/ia_robot/install/ia_robot/share/ia_robot/meshes/RightFrontWheelOrient2.STL
-- Up-to-date: /home/oliver/ros2_ws/src/ia_robot/install/ia_robot/share/ia_robot/meshes/LeftFrontwheel.STL
-- Up-to-date: /home/oliver/ros2_ws/src/ia_robot/install/ia_robot/share/ia_robot/meshes/LeftFrontWheelOrient2.STL
-- Up-to-date: /home/oliver/ros2_ws/src/ia_robot/install/ia_robot/share/ia_robot/meshes/RightARM1.STL
-- Up-to-date: /home/oliver/ros2_ws/src/ia_robot/install/ia_robot/share/ia_robot/meshes/RightFrontWheelOrient1.STL
-- Up-to-date: /home/oliver/ros2_ws/src/ia_robot/install/ia_robot/share/ia_robot/meshes/leftbackwheel.STL
-- Up-to-date: /home/oliver/ros2_ws/src/ia_robot/install/ia_robot/share/ia_robot/meshes/RihgtARM2.STL
-- Up-to-date: /home/oliver/ros2_ws/src/ia_robot/install/ia_robot/share/ia_robot/meshes/Rightbackorient.STL
-- Up-to-date: /home/oliver/ros2_ws/src/ia_robot/install/ia_robot/share/ia_robot/meshes/LeftARM02.STL
-- Up-to-date: /home/oliver/ros2_ws/src/ia_robot/install/ia_robot/share/ia_robot/meshes/LeftFrontWheelOrient1.STL
-- Up-to-date: /home/oliver/ros2_ws/src/ia_robot/install/ia_robot/share/ia_robot/meshes/RightARM3.STL
-- Up-to-date: /home/oliver/ros2_ws/src/ia_robot/install/ia_robot/share/ia_robot/meshes/LeftEnd.STL
-- Up-to-date: /home/oliver/ros2_ws/src/ia_robot/install/ia_robot/share/ia_robot/meshes/RightFrontWheelOrient01.STL
-- Up-to-date: /home/oliver/ros2_ws/src/ia_robot/install/ia_robot/share/ia_robot/meshes/LeftARM03.STL
-- Up-to-date: /home/oliver/ros2_ws/src/ia_robot/install/ia_robot/share/ia_robot/meshes/Rightbackwheel.STL
-- Up-to-date: /home/oliver/ros2_ws/src/ia_robot/install/ia_robot/share/ia_robot/meshes/LeftARM1.STL
-- Up-to-date: /home/oliver/ros2_ws/src/ia_robot/install/ia_robot/share/ia_robot/launch
-- Up-to-date: /home/oliver/ros2_ws/src/ia_robot/install/ia_robot/share/ia_robot/launch/view_robot.launch.py
-- Up-to-date: /home/oliver/ros2_ws/src/ia_robot/install/ia_robot/share/ia_robot/launch/view_ia_robot.launch.py
-- Up-to-date: /home/oliver/ros2_ws/src/ia_robot/install/ia_robot/share/ia_robot/launch/view_all_joints.launch.py
-- Up-to-date: /home/oliver/ros2_ws/src/ia_robot/install/ia_robot/share/ia_robot/config
-- Up-to-date: /home/oliver/ros2_ws/src/ia_robot/install/ia_robot/share/ia_robot/config/joint_names_ia-robot.yaml
-- Up-to-date: /home/oliver/ros2_ws/src/ia_robot/install/ia_robot/share/ia_robot/rviz
-- Installing: /home/oliver/ros2_ws/src/ia_robot/install/ia_robot/share/ia_robot/rviz/view.rviz
-- Up-to-date: /home/oliver/ros2_ws/src/ia_robot/install/ia_robot/share/ament_index/resource_index/package_run_dependencies/ia_robot
-- Up-to-date: /home/oliver/ros2_ws/src/ia_robot/install/ia_robot/share/ament_index/resource_index/parent_prefix_path/ia_robot
-- Up-to-date: /home/oliver/ros2_ws/src/ia_robot/install/ia_robot/share/ia_robot/environment/ament_prefix_path.sh
-- Up-to-date: /home/oliver/ros2_ws/src/ia_robot/install/ia_robot/share/ia_robot/environment/ament_prefix_path.dsv
-- Up-to-date: /home/oliver/ros2_ws/src/ia_robot/install/ia_robot/share/ia_robot/environment/path.sh
-- Up-to-date: /home/oliver/ros2_ws/src/ia_robot/install/ia_robot/share/ia_robot/environment/path.dsv
-- Up-to-date: /home/oliver/ros2_ws/src/ia_robot/install/ia_robot/share/ia_robot/local_setup.bash
-- Up-to-date: /home/oliver/ros2_ws/src/ia_robot/install/ia_robot/share/ia_robot/local_setup.sh
-- Up-to-date: /home/oliver/ros2_ws/src/ia_robot/install/ia_robot/share/ia_robot/local_setup.zsh
-- Up-to-date: /home/oliver/ros2_ws/src/ia_robot/install/ia_robot/share/ia_robot/local_setup.dsv
-- Up-to-date: /home/oliver/ros2_ws/src/ia_robot/install/ia_robot/share/ia_robot/package.dsv
-- Up-to-date: /home/oliver/ros2_ws/src/ia_robot/install/ia_robot/share/ament_index/resource_index/packages/ia_robot
-- Up-to-date: /home/oliver/ros2_ws/src/ia_robot/install/ia_robot/share/ia_robot/cmake/ia_robotConfig.cmake
-- Up-to-date: /home/oliver/ros2_ws/src/ia_robot/install/ia_robot/share/ia_robot/cmake/ia_robotConfig-version.cmake
-- Up-to-date: /home/oliver/ros2_ws/src/ia_robot/install/ia_robot/share/ia_robot/package.xml
